<?xml version="1.0" encoding="UTF-8"?>
<testsuite xmlns:xsi="http://www.w3.org/2001/XMLSchema-instance" xsi:noNamespaceSchemaLocation="https://maven.apache.org/surefire/maven-surefire-plugin/xsd/surefire-test-report-3.0.xsd" version="3.0" name="com.technical.examination.testCategoryDetails" time="2.821" tests="3" errors="0" skipped="0" failures="0">
  <properties>
    <property name="java.specification.version" value="20"/>
    <property name="sun.jnu.encoding" value="UTF-8"/>
    <property name="java.class.path" value="/Users/david.matola/Desktop/workspace2023/java-projects/actual-demo/RestAssuredAPITests/target/test-classes:/Users/david.matola/Desktop/workspace2023/java-projects/actual-demo/RestAssuredAPITests/target/classes:/Users/david.matola/.m2/repository/io/rest-assured/rest-assured/5.3.0/rest-assured-5.3.0.jar:/Users/david.matola/.m2/repository/org/apache/groovy/groovy/4.0.6/groovy-4.0.6.jar:/Users/david.matola/.m2/repository/org/apache/groovy/groovy-xml/4.0.6/groovy-xml-4.0.6.jar:/Users/david.matola/.m2/repository/org/apache/httpcomponents/httpclient/4.5.13/httpclient-4.5.13.jar:/Users/david.matola/.m2/repository/org/apache/httpcomponents/httpcore/4.4.13/httpcore-4.4.13.jar:/Users/david.matola/.m2/repository/commons-logging/commons-logging/1.2/commons-logging-1.2.jar:/Users/david.matola/.m2/repository/commons-codec/commons-codec/1.11/commons-codec-1.11.jar:/Users/david.matola/.m2/repository/org/apache/httpcomponents/httpmime/4.5.13/httpmime-4.5.13.jar:/Users/david.matola/.m2/repository/org/hamcrest/hamcrest/2.1/hamcrest-2.1.jar:/Users/david.matola/.m2/repository/org/ccil/cowan/tagsoup/tagsoup/1.2.1/tagsoup-1.2.1.jar:/Users/david.matola/.m2/repository/io/rest-assured/json-schema-validator/5.3.0/json-schema-validator-5.3.0.jar:/Users/david.matola/.m2/repository/com/github/java-json-tools/json-schema-validator/2.2.14/json-schema-validator-2.2.14.jar:/Users/david.matola/.m2/repository/com/google/guava/guava/28.2-android/guava-28.2-android.jar:/Users/david.matola/.m2/repository/com/google/guava/failureaccess/1.0.1/failureaccess-1.0.1.jar:/Users/david.matola/.m2/repository/com/google/guava/listenablefuture/9999.0-empty-to-avoid-conflict-with-guava/listenablefuture-9999.0-empty-to-avoid-conflict-with-guava.jar:/Users/david.matola/.m2/repository/org/checkerframework/checker-compat-qual/2.5.5/checker-compat-qual-2.5.5.jar:/Users/david.matola/.m2/repository/com/google/errorprone/error_prone_annotations/2.3.4/error_prone_annotations-2.3.4.jar:/Users/david.matola/.m2/repository/com/google/j2objc/j2objc-annotations/1.3/j2objc-annotations-1.3.jar:/Users/david.matola/.m2/repository/com/github/java-json-tools/jackson-coreutils-equivalence/1.0/jackson-coreutils-equivalence-1.0.jar:/Users/david.matola/.m2/repository/com/fasterxml/jackson/core/jackson-databind/2.11.0/jackson-databind-2.11.0.jar:/Users/david.matola/.m2/repository/com/fasterxml/jackson/core/jackson-annotations/2.11.0/jackson-annotations-2.11.0.jar:/Users/david.matola/.m2/repository/com/fasterxml/jackson/core/jackson-core/2.11.0/jackson-core-2.11.0.jar:/Users/david.matola/.m2/repository/com/github/java-json-tools/jackson-coreutils/2.0/jackson-coreutils-2.0.jar:/Users/david.matola/.m2/repository/com/github/java-json-tools/msg-simple/1.2/msg-simple-1.2.jar:/Users/david.matola/.m2/repository/com/github/java-json-tools/btf/1.3/btf-1.3.jar:/Users/david.matola/.m2/repository/com/github/java-json-tools/json-schema-core/1.2.14/json-schema-core-1.2.14.jar:/Users/david.matola/.m2/repository/com/github/java-json-tools/uri-template/0.10/uri-template-0.10.jar:/Users/david.matola/.m2/repository/org/mozilla/rhino/1.7.7.2/rhino-1.7.7.2.jar:/Users/david.matola/.m2/repository/com/sun/mail/mailapi/1.6.2/mailapi-1.6.2.jar:/Users/david.matola/.m2/repository/joda-time/joda-time/2.10.5/joda-time-2.10.5.jar:/Users/david.matola/.m2/repository/com/googlecode/libphonenumber/libphonenumber/8.11.1/libphonenumber-8.11.1.jar:/Users/david.matola/.m2/repository/com/google/code/findbugs/jsr305/3.0.2/jsr305-3.0.2.jar:/Users/david.matola/.m2/repository/net/sf/jopt-simple/jopt-simple/5.0.4/jopt-simple-5.0.4.jar:/Users/david.matola/.m2/repository/io/rest-assured/json-path/5.3.0/json-path-5.3.0.jar:/Users/david.matola/.m2/repository/org/apache/groovy/groovy-json/4.0.6/groovy-json-4.0.6.jar:/Users/david.matola/.m2/repository/io/rest-assured/rest-assured-common/5.3.0/rest-assured-common-5.3.0.jar:/Users/david.matola/.m2/repository/io/rest-assured/xml-path/5.3.0/xml-path-5.3.0.jar:/Users/david.matola/.m2/repository/org/apache/commons/commons-lang3/3.11/commons-lang3-3.11.jar:/Users/david.matola/.m2/repository/org/testng/testng/7.7.1/testng-7.7.1.jar:/Users/david.matola/.m2/repository/org/slf4j/slf4j-api/1.7.36/slf4j-api-1.7.36.jar:/Users/david.matola/.m2/repository/com/beust/jcommander/1.82/jcommander-1.82.jar:/Users/david.matola/.m2/repository/org/webjars/jquery/3.6.1/jquery-3.6.1.jar:/Users/david.matola/.m2/repository/org/hamcrest/java-hamcrest/2.0.0.0/java-hamcrest-2.0.0.0.jar:/Users/david.matola/.m2/repository/org/hamcrest/hamcrest-core/2.2/hamcrest-core-2.2.jar:/Users/david.matola/.m2/repository/org/hamcrest/hamcrest-library/2.2/hamcrest-library-2.2.jar:"/>
    <property name="java.vm.vendor" value="Homebrew"/>
    <property name="sun.arch.data.model" value="64"/>
    <property name="java.vendor.url" value="https://github.com/Homebrew/homebrew-core/issues"/>
    <property name="user.timezone" value="Asia/Manila"/>
    <property name="os.name" value="Mac OS X"/>
    <property name="java.vm.specification.version" value="20"/>
    <property name="sun.java.launcher" value="SUN_STANDARD"/>
    <property name="user.country" value="PH"/>
    <property name="sun.boot.library.path" value="/opt/homebrew/Cellar/openjdk/20/libexec/openjdk.jdk/Contents/Home/lib"/>
    <property name="sun.java.command" value="/Users/david.matola/Desktop/workspace2023/java-projects/actual-demo/RestAssuredAPITests/target/surefire/surefirebooter-20230503133244999_3.jar /Users/david.matola/Desktop/workspace2023/java-projects/actual-demo/RestAssuredAPITests/target/surefire 2023-05-03T13-32-44_871-jvmRun1 surefire-20230503133244999_1tmp surefire_0-20230503133244999_2tmp"/>
    <property name="jdk.debug" value="release"/>
    <property name="test" value="testCategoryDetails"/>
    <property name="surefire.test.class.path" value="/Users/david.matola/Desktop/workspace2023/java-projects/actual-demo/RestAssuredAPITests/target/test-classes:/Users/david.matola/Desktop/workspace2023/java-projects/actual-demo/RestAssuredAPITests/target/classes:/Users/david.matola/.m2/repository/io/rest-assured/rest-assured/5.3.0/rest-assured-5.3.0.jar:/Users/david.matola/.m2/repository/org/apache/groovy/groovy/4.0.6/groovy-4.0.6.jar:/Users/david.matola/.m2/repository/org/apache/groovy/groovy-xml/4.0.6/groovy-xml-4.0.6.jar:/Users/david.matola/.m2/repository/org/apache/httpcomponents/httpclient/4.5.13/httpclient-4.5.13.jar:/Users/david.matola/.m2/repository/org/apache/httpcomponents/httpcore/4.4.13/httpcore-4.4.13.jar:/Users/david.matola/.m2/repository/commons-logging/commons-logging/1.2/commons-logging-1.2.jar:/Users/david.matola/.m2/repository/commons-codec/commons-codec/1.11/commons-codec-1.11.jar:/Users/david.matola/.m2/repository/org/apache/httpcomponents/httpmime/4.5.13/httpmime-4.5.13.jar:/Users/david.matola/.m2/repository/org/hamcrest/hamcrest/2.1/hamcrest-2.1.jar:/Users/david.matola/.m2/repository/org/ccil/cowan/tagsoup/tagsoup/1.2.1/tagsoup-1.2.1.jar:/Users/david.matola/.m2/repository/io/rest-assured/json-schema-validator/5.3.0/json-schema-validator-5.3.0.jar:/Users/david.matola/.m2/repository/com/github/java-json-tools/json-schema-validator/2.2.14/json-schema-validator-2.2.14.jar:/Users/david.matola/.m2/repository/com/google/guava/guava/28.2-android/guava-28.2-android.jar:/Users/david.matola/.m2/repository/com/google/guava/failureaccess/1.0.1/failureaccess-1.0.1.jar:/Users/david.matola/.m2/repository/com/google/guava/listenablefuture/9999.0-empty-to-avoid-conflict-with-guava/listenablefuture-9999.0-empty-to-avoid-conflict-with-guava.jar:/Users/david.matola/.m2/repository/org/checkerframework/checker-compat-qual/2.5.5/checker-compat-qual-2.5.5.jar:/Users/david.matola/.m2/repository/com/google/errorprone/error_prone_annotations/2.3.4/error_prone_annotations-2.3.4.jar:/Users/david.matola/.m2/repository/com/google/j2objc/j2objc-annotations/1.3/j2objc-annotations-1.3.jar:/Users/david.matola/.m2/repository/com/github/java-json-tools/jackson-coreutils-equivalence/1.0/jackson-coreutils-equivalence-1.0.jar:/Users/david.matola/.m2/repository/com/fasterxml/jackson/core/jackson-databind/2.11.0/jackson-databind-2.11.0.jar:/Users/david.matola/.m2/repository/com/fasterxml/jackson/core/jackson-annotations/2.11.0/jackson-annotations-2.11.0.jar:/Users/david.matola/.m2/repository/com/fasterxml/jackson/core/jackson-core/2.11.0/jackson-core-2.11.0.jar:/Users/david.matola/.m2/repository/com/github/java-json-tools/jackson-coreutils/2.0/jackson-coreutils-2.0.jar:/Users/david.matola/.m2/repository/com/github/java-json-tools/msg-simple/1.2/msg-simple-1.2.jar:/Users/david.matola/.m2/repository/com/github/java-json-tools/btf/1.3/btf-1.3.jar:/Users/david.matola/.m2/repository/com/github/java-json-tools/json-schema-core/1.2.14/json-schema-core-1.2.14.jar:/Users/david.matola/.m2/repository/com/github/java-json-tools/uri-template/0.10/uri-template-0.10.jar:/Users/david.matola/.m2/repository/org/mozilla/rhino/1.7.7.2/rhino-1.7.7.2.jar:/Users/david.matola/.m2/repository/com/sun/mail/mailapi/1.6.2/mailapi-1.6.2.jar:/Users/david.matola/.m2/repository/joda-time/joda-time/2.10.5/joda-time-2.10.5.jar:/Users/david.matola/.m2/repository/com/googlecode/libphonenumber/libphonenumber/8.11.1/libphonenumber-8.11.1.jar:/Users/david.matola/.m2/repository/com/google/code/findbugs/jsr305/3.0.2/jsr305-3.0.2.jar:/Users/david.matola/.m2/repository/net/sf/jopt-simple/jopt-simple/5.0.4/jopt-simple-5.0.4.jar:/Users/david.matola/.m2/repository/io/rest-assured/json-path/5.3.0/json-path-5.3.0.jar:/Users/david.matola/.m2/repository/org/apache/groovy/groovy-json/4.0.6/groovy-json-4.0.6.jar:/Users/david.matola/.m2/repository/io/rest-assured/rest-assured-common/5.3.0/rest-assured-common-5.3.0.jar:/Users/david.matola/.m2/repository/io/rest-assured/xml-path/5.3.0/xml-path-5.3.0.jar:/Users/david.matola/.m2/repository/org/apache/commons/commons-lang3/3.11/commons-lang3-3.11.jar:/Users/david.matola/.m2/repository/org/testng/testng/7.7.1/testng-7.7.1.jar:/Users/david.matola/.m2/repository/org/slf4j/slf4j-api/1.7.36/slf4j-api-1.7.36.jar:/Users/david.matola/.m2/repository/com/beust/jcommander/1.82/jcommander-1.82.jar:/Users/david.matola/.m2/repository/org/webjars/jquery/3.6.1/jquery-3.6.1.jar:/Users/david.matola/.m2/repository/org/hamcrest/java-hamcrest/2.0.0.0/java-hamcrest-2.0.0.0.jar:/Users/david.matola/.m2/repository/org/hamcrest/hamcrest-core/2.2/hamcrest-core-2.2.jar:/Users/david.matola/.m2/repository/org/hamcrest/hamcrest-library/2.2/hamcrest-library-2.2.jar:"/>
    <property name="sun.cpu.endian" value="little"/>
    <property name="user.home" value="/Users/david.matola"/>
    <property name="user.language" value="en"/>
    <property name="java.specification.vendor" value="Oracle Corporation"/>
    <property name="java.version.date" value="2023-03-21"/>
    <property name="java.home" value="/opt/homebrew/Cellar/openjdk/20/libexec/openjdk.jdk/Contents/Home"/>
    <property name="file.separator" value="/"/>
    <property name="basedir" value="/Users/david.matola/Desktop/workspace2023/java-projects/actual-demo/RestAssuredAPITests"/>
    <property name="java.vm.compressedOopsMode" value="Zero based"/>
    <property name="line.separator" value="&#10;"/>
    <property name="java.vm.specification.vendor" value="Oracle Corporation"/>
    <property name="java.specification.name" value="Java Platform API Specification"/>
    <property name="apple.awt.application.name" value="ForkedBooter"/>
    <property name="surefire.real.class.path" value="/Users/david.matola/Desktop/workspace2023/java-projects/actual-demo/RestAssuredAPITests/target/surefire/surefirebooter-20230503133244999_3.jar"/>
    <property name="sun.management.compiler" value="HotSpot 64-Bit Tiered Compilers"/>
    <property name="java.runtime.version" value="20"/>
    <property name="user.name" value="david.matola"/>
    <property name="stdout.encoding" value="US-ASCII"/>
    <property name="path.separator" value=":"/>
    <property name="os.version" value="12.2.1"/>
    <property name="java.runtime.name" value="OpenJDK Runtime Environment"/>
    <property name="file.encoding" value="UTF-8"/>
    <property name="java.vm.name" value="OpenJDK 64-Bit Server VM"/>
    <property name="java.vendor.version" value="Homebrew"/>
    <property name="localRepository" value="/Users/david.matola/.m2/repository"/>
    <property name="java.vendor.url.bug" value="https://github.com/Homebrew/homebrew-core/issues"/>
    <property name="java.io.tmpdir" value="/var/folders/5x/xl0dvhd50hq7b9zkw__hj8smqqpc1q/T/"/>
    <property name="java.version" value="20"/>
    <property name="user.dir" value="/Users/david.matola/Desktop/workspace2023/java-projects/actual-demo/RestAssuredAPITests"/>
    <property name="os.arch" value="aarch64"/>
    <property name="java.vm.specification.name" value="Java Virtual Machine Specification"/>
    <property name="native.encoding" value="US-ASCII"/>
    <property name="java.library.path" value="/Users/david.matola/Library/Java/Extensions:/Library/Java/Extensions:/Network/Library/Java/Extensions:/System/Library/Java/Extensions:/usr/lib/java:."/>
    <property name="java.vm.info" value="mixed mode, sharing"/>
    <property name="stderr.encoding" value="US-ASCII"/>
    <property name="java.vendor" value="Homebrew"/>
    <property name="java.vm.version" value="20"/>
    <property name="sun.io.unicode.encoding" value="UnicodeBig"/>
    <property name="java.class.version" value="64.0"/>
  </properties>
  <testcase name="category_name_home_and_garden_exists" classname="com.technical.examination.testCategoryDetails" time="1.559">
    <system-err><![CDATA[SLF4J: Failed to load class "org.slf4j.impl.StaticLoggerBinder".
SLF4J: Defaulting to no-operation (NOP) logger implementation
SLF4J: See http://www.slf4j.org/codes.html#StaticLoggerBinder for further details.
]]></system-err>
  </testcase>
  <testcase name="category_can_relist_enabled" classname="com.technical.examination.testCategoryDetails" time="0.379"/>
  <testcase name="category_promotion_feature_with_correct_description_exists" classname="com.technical.examination.testCategoryDetails" time="0.383"/>
</testsuite>