<?xml version="1.0" encoding="UTF-8"?>
<!-- Generated by org.testng.reporters.JUnitReportReporter -->
<testsuite hostname="GPH00087m" failures="0" tests="3" name="com.technical.examination.testCategoryDetails" time="2.277" errors="0" timestamp="2023-05-03T00:22:07 PST" skipped="0">
  <testcase classname="com.technical.examination.testCategoryDetails" name="category_name_home_and_garden_exists" time="1.537"/>
  <system-out/>
  <testcase classname="com.technical.examination.testCategoryDetails" name="category_can_relist_enabled" time="0.375"/>
  <system-out/>
  <testcase classname="com.technical.examination.testCategoryDetails" name="category_promotion_feature_with_correct_description_exists" time="0.365"/>
  <system-out/>
</testsuite> <!-- com.technical.examination.testCategoryDetails -->
